<?xml version="1.0" encoding="UTF-8"?>
<testng-results skipped="0" failed="0" total="2" passed="2">
  <reporter-output>
  </reporter-output>
  <suite name="demo.TestClass" duration-ms="23" started-at="2020-04-11T07:50:44Z" finished-at="2020-04-11T07:50:44Z">
    <groups>
    </groups>
    <test name="Command line test" duration-ms="23" started-at="2020-04-11T07:50:44Z" finished-at="2020-04-11T07:50:44Z">
      <class name="demo.TestClass">
        <test-method status="PASS" signature="method1()[pri:0, instance:demo.TestClass@48140564]" name="method1" duration-ms="7" started-at="2020-04-11T13:20:44Z" finished-at="2020-04-11T13:20:44Z">
          <reporter-output>
          </reporter-output>
        </test-method> <!-- method1 -->
        <test-method status="PASS" signature="method2()[pri:0, instance:demo.TestClass@48140564]" name="method2" duration-ms="0" started-at="2020-04-11T13:20:44Z" finished-at="2020-04-11T13:20:44Z">
          <reporter-output>
          </reporter-output>
        </test-method> <!-- method2 -->
      </class> <!-- demo.TestClass -->
    </test> <!-- Command line test -->
  </suite> <!-- demo.TestClass -->
</testng-results>
